26-Oct-2025 15:23:40.628 INFORMACIÓN [main] org.apache.catalina.startup.VersionLoggerListener.log Nombre de la versión del servidor: Apache Tomcat/10.1.48
26-Oct-2025 15:23:40.638 INFORMACIÓN [main] org.apache.catalina.startup.VersionLoggerListener.log Server built:                      Oct 10 2025 14:33:56 UTC
26-Oct-2025 15:23:40.638 INFORMACIÓN [main] org.apache.catalina.startup.VersionLoggerListener.log Número de versión de servidor:     10.1.48.0
26-Oct-2025 15:23:40.639 INFORMACIÓN [main] org.apache.catalina.startup.VersionLoggerListener.log OS Name:                           Linux
26-Oct-2025 15:23:40.639 INFORMACIÓN [main] org.apache.catalina.startup.VersionLoggerListener.log Versión de Systema Operativo:      6.16.10-200.fc42.x86_64
26-Oct-2025 15:23:40.639 INFORMACIÓN [main] org.apache.catalina.startup.VersionLoggerListener.log Arquitectura:                      amd64
26-Oct-2025 15:23:40.639 INFORMACIÓN [main] org.apache.catalina.startup.VersionLoggerListener.log Java Home:                         /usr/lib/jvm/java-21-openjdk
26-Oct-2025 15:23:40.639 INFORMACIÓN [main] org.apache.catalina.startup.VersionLoggerListener.log JVM Version:                       21.0.8+9
26-Oct-2025 15:23:40.640 INFORMACIÓN [main] org.apache.catalina.startup.VersionLoggerListener.log Vededor JVM:                       Red Hat, Inc.
26-Oct-2025 15:23:40.640 INFORMACIÓN [main] org.apache.catalina.startup.VersionLoggerListener.log CATALINA_BASE:                     /home/xhua/.apache-tomcat-10.1.48
26-Oct-2025 15:23:40.640 INFORMACIÓN [main] org.apache.catalina.startup.VersionLoggerListener.log CATALINA_HOME:                     /home/xhua/.apache-tomcat-10.1.48
26-Oct-2025 15:23:40.657 INFORMACIÓN [main] org.apache.catalina.startup.VersionLoggerListener.log Command line argument:             -Djava.util.logging.config.file=/home/xhua/.apache-tomcat-10.1.48/conf/logging.properties
26-Oct-2025 15:23:40.657 INFORMACIÓN [main] org.apache.catalina.startup.VersionLoggerListener.log Command line argument:             -Djava.util.logging.manager=org.apache.juli.ClassLoaderLogManager
26-Oct-2025 15:23:40.658 INFORMACIÓN [main] org.apache.catalina.startup.VersionLoggerListener.log Command line argument:             -Djdk.tls.ephemeralDHKeySize=2048
26-Oct-2025 15:23:40.658 INFORMACIÓN [main] org.apache.catalina.startup.VersionLoggerListener.log Command line argument:             -Djava.protocol.handler.pkgs=org.apache.catalina.webresources
26-Oct-2025 15:23:40.658 INFORMACIÓN [main] org.apache.catalina.startup.VersionLoggerListener.log Command line argument:             -Dsun.io.useCanonCaches=false
26-Oct-2025 15:23:40.658 INFORMACIÓN [main] org.apache.catalina.startup.VersionLoggerListener.log Command line argument:             -Dorg.apache.catalina.security.SecurityListener.UMASK=0027
26-Oct-2025 15:23:40.658 INFORMACIÓN [main] org.apache.catalina.startup.VersionLoggerListener.log Command line argument:             --add-opens=java.base/java.lang=ALL-UNNAMED
26-Oct-2025 15:23:40.658 INFORMACIÓN [main] org.apache.catalina.startup.VersionLoggerListener.log Command line argument:             --add-opens=java.base/java.lang.reflect=ALL-UNNAMED
26-Oct-2025 15:23:40.659 INFORMACIÓN [main] org.apache.catalina.startup.VersionLoggerListener.log Command line argument:             --add-opens=java.base/java.io=ALL-UNNAMED
26-Oct-2025 15:23:40.659 INFORMACIÓN [main] org.apache.catalina.startup.VersionLoggerListener.log Command line argument:             --add-opens=java.base/java.util=ALL-UNNAMED
26-Oct-2025 15:23:40.659 INFORMACIÓN [main] org.apache.catalina.startup.VersionLoggerListener.log Command line argument:             --add-opens=java.base/java.util.concurrent=ALL-UNNAMED
26-Oct-2025 15:23:40.659 INFORMACIÓN [main] org.apache.catalina.startup.VersionLoggerListener.log Command line argument:             --add-opens=java.rmi/sun.rmi.transport=ALL-UNNAMED
26-Oct-2025 15:23:40.659 INFORMACIÓN [main] org.apache.catalina.startup.VersionLoggerListener.log Command line argument:             -Dcatalina.base=/home/xhua/.apache-tomcat-10.1.48
26-Oct-2025 15:23:40.660 INFORMACIÓN [main] org.apache.catalina.startup.VersionLoggerListener.log Command line argument:             -Dcatalina.home=/home/xhua/.apache-tomcat-10.1.48
26-Oct-2025 15:23:40.660 INFORMACIÓN [main] org.apache.catalina.startup.VersionLoggerListener.log Command line argument:             -Djava.io.tmpdir=/home/xhua/.apache-tomcat-10.1.48/temp
26-Oct-2025 15:23:40.663 INFORMACIÓN [main] org.apache.catalina.core.AprLifecycleListener.lifecycleEvent La biblioteca nativa de Apache Tomcat basada en ARP que permite un rendimiento óptimo en entornos de desarrollo no ha sido hallada en java.library.path: [/usr/java/packages/lib:/usr/lib64:/lib64:/lib:/usr/lib]
26-Oct-2025 15:23:41.120 INFORMACIÓN [main] org.apache.coyote.AbstractProtocol.init Inicializando el manejador de protocolo ["http-nio-8080"]

26-Oct-2025 15:23:41.146 INFORMACIÓN [main] org.apache.catalina.startup.Catalina.load Server initialization in [834] milliseconds
26-Oct-2025 15:23:41.196 INFORMACIÓN [main] org.apache.catalina.core.StandardService.startInternal Arrancando servicio [Catalina]
26-Oct-2025 15:23:41.196 INFORMACIÓN [main] org.apache.catalina.core.StandardEngine.startInternal Starting Servlet engine: [Apache Tomcat/10.1.48]
26-Oct-2025 15:23:41.206 INFORMACIÓN [main] org.apache.catalina.startup.HostConfig.deployDirectory Desplegando el directorio [/home/xhua/.apache-tomcat-10.1.48/webapps/ROOT] de la aplicación web
26-Oct-2025 15:23:41.734 INFORMACIÓN [main] org.apache.catalina.startup.HostConfig.deployDirectory Deployment of web application directory [/home/xhua/.apache-tomcat-10.1.48/webapps/ROOT] has finished in [486] ms
26-Oct-2025 15:23:41.737 INFORMACIÓN [main] org.apache.catalina.startup.HostConfig.deployDirectory Desplegando el directorio [/home/xhua/.apache-tomcat-10.1.48/webapps/docs] de la aplicación web
26-Oct-2025 15:23:41.792 INFORMACIÓN [main] org.apache.catalina.startup.HostConfig.deployDirectory Deployment of web application directory [/home/xhua/.apache-tomcat-10.1.48/webapps/docs] has finished in [55] ms
26-Oct-2025 15:23:41.792 INFORMACIÓN [main] org.apache.catalina.startup.HostConfig.deployDirectory Desplegando el directorio [/home/xhua/.apache-tomcat-10.1.48/webapps/examples] de la aplicación web
26-Oct-2025 15:23:42.153 INFORMACIÓN [main] org.apache.catalina.startup.HostConfig.deployDirectory Deployment of web application directory [/home/xhua/.apache-tomcat-10.1.48/webapps/examples] has finished in [360] ms
26-Oct-2025 15:23:42.153 INFORMACIÓN [main] org.apache.catalina.startup.HostConfig.deployDirectory Desplegando el directorio [/home/xhua/.apache-tomcat-10.1.48/webapps/host-manager] de la aplicación web
26-Oct-2025 15:23:42.195 INFORMACIÓN [main] org.apache.catalina.startup.HostConfig.deployDirectory Deployment of web application directory [/home/xhua/.apache-tomcat-10.1.48/webapps/host-manager] has finished in [41] ms
26-Oct-2025 15:23:42.196 INFORMACIÓN [main] org.apache.catalina.startup.HostConfig.deployDirectory Desplegando el directorio [/home/xhua/.apache-tomcat-10.1.48/webapps/manager] de la aplicación web
26-Oct-2025 15:23:42.233 INFORMACIÓN [main] org.apache.catalina.startup.HostConfig.deployDirectory Deployment of web application directory [/home/xhua/.apache-tomcat-10.1.48/webapps/manager] has finished in [37] ms
26-Oct-2025 15:23:42.241 INFORMACIÓN [main] org.apache.coyote.AbstractProtocol.start Starting ProtocolHandler ["http-nio-8080"]
26-Oct-2025 15:23:42.256 INFORMACIÓN [main] org.apache.catalina.startup.Catalina.start Server startup in [1108] milliseconds
26-Oct-2025 15:24:15.514 ADVERTENCIA [main] org.apache.catalina.core.StandardServer.await Invalid shutdown command [] received
26-Oct-2025 15:25:09.939 INFORMACIÓN [main] org.apache.catalina.core.StandardServer.await Se ha recibido un comando de apagado a través del puerto de apagado. Parando la instancia del Servidor.
26-Oct-2025 15:25:09.940 INFORMACIÓN [main] org.apache.coyote.AbstractProtocol.pause Pausing ProtocolHandler ["http-nio-8080"]
26-Oct-2025 15:25:09.944 INFORMACIÓN [main] org.apache.catalina.core.StandardService.stopInternal Parando servicio [Catalina]
26-Oct-2025 15:25:09.972 INFORMACIÓN [main] org.apache.coyote.AbstractProtocol.stop Stopping ProtocolHandler ["http-nio-8080"]
26-Oct-2025 15:25:09.978 INFORMACIÓN [main] org.apache.coyote.AbstractProtocol.destroy Destroying ProtocolHandler ["http-nio-8080"]
26-Oct-2025 15:26:51.269 INFORMACIÓN [main] org.apache.catalina.startup.VersionLoggerListener.log Nombre de la versión del servidor: Apache Tomcat/10.1.48
26-Oct-2025 15:26:51.275 INFORMACIÓN [main] org.apache.catalina.startup.VersionLoggerListener.log Server built:                      Oct 10 2025 14:33:56 UTC
26-Oct-2025 15:26:51.275 INFORMACIÓN [main] org.apache.catalina.startup.VersionLoggerListener.log Número de versión de servidor:     10.1.48.0
26-Oct-2025 15:26:51.276 INFORMACIÓN [main] org.apache.catalina.startup.VersionLoggerListener.log OS Name:                           Linux
26-Oct-2025 15:26:51.276 INFORMACIÓN [main] org.apache.catalina.startup.VersionLoggerListener.log Versión de Systema Operativo:      6.16.10-200.fc42.x86_64
26-Oct-2025 15:26:51.276 INFORMACIÓN [main] org.apache.catalina.startup.VersionLoggerListener.log Arquitectura:                      amd64
26-Oct-2025 15:26:51.276 INFORMACIÓN [main] org.apache.catalina.startup.VersionLoggerListener.log Java Home:                         /usr/lib/jvm/java-21-openjdk
26-Oct-2025 15:26:51.276 INFORMACIÓN [main] org.apache.catalina.startup.VersionLoggerListener.log JVM Version:                       21.0.8+9
26-Oct-2025 15:26:51.277 INFORMACIÓN [main] org.apache.catalina.startup.VersionLoggerListener.log Vededor JVM:                       Red Hat, Inc.
26-Oct-2025 15:26:51.277 INFORMACIÓN [main] org.apache.catalina.startup.VersionLoggerListener.log CATALINA_BASE:                     /home/xhua/.apache-tomcat-10.1.48
26-Oct-2025 15:26:51.277 INFORMACIÓN [main] org.apache.catalina.startup.VersionLoggerListener.log CATALINA_HOME:                     /home/xhua/.apache-tomcat-10.1.48
26-Oct-2025 15:26:51.289 INFORMACIÓN [main] org.apache.catalina.startup.VersionLoggerListener.log Command line argument:             -Djava.util.logging.config.file=/home/xhua/.apache-tomcat-10.1.48/conf/logging.properties
26-Oct-2025 15:26:51.290 INFORMACIÓN [main] org.apache.catalina.startup.VersionLoggerListener.log Command line argument:             -Djava.util.logging.manager=org.apache.juli.ClassLoaderLogManager
26-Oct-2025 15:26:51.290 INFORMACIÓN [main] org.apache.catalina.startup.VersionLoggerListener.log Command line argument:             -Djdk.tls.ephemeralDHKeySize=2048
26-Oct-2025 15:26:51.290 INFORMACIÓN [main] org.apache.catalina.startup.VersionLoggerListener.log Command line argument:             -Djava.protocol.handler.pkgs=org.apache.catalina.webresources
26-Oct-2025 15:26:51.290 INFORMACIÓN [main] org.apache.catalina.startup.VersionLoggerListener.log Command line argument:             -Dsun.io.useCanonCaches=false
26-Oct-2025 15:26:51.291 INFORMACIÓN [main] org.apache.catalina.startup.VersionLoggerListener.log Command line argument:             -Dorg.apache.catalina.security.SecurityListener.UMASK=0027
26-Oct-2025 15:26:51.291 INFORMACIÓN [main] org.apache.catalina.startup.VersionLoggerListener.log Command line argument:             --add-opens=java.base/java.lang=ALL-UNNAMED
26-Oct-2025 15:26:51.291 INFORMACIÓN [main] org.apache.catalina.startup.VersionLoggerListener.log Command line argument:             --add-opens=java.base/java.lang.reflect=ALL-UNNAMED
26-Oct-2025 15:26:51.291 INFORMACIÓN [main] org.apache.catalina.startup.VersionLoggerListener.log Command line argument:             --add-opens=java.base/java.io=ALL-UNNAMED
26-Oct-2025 15:26:51.291 INFORMACIÓN [main] org.apache.catalina.startup.VersionLoggerListener.log Command line argument:             --add-opens=java.base/java.util=ALL-UNNAMED
26-Oct-2025 15:26:51.291 INFORMACIÓN [main] org.apache.catalina.startup.VersionLoggerListener.log Command line argument:             --add-opens=java.base/java.util.concurrent=ALL-UNNAMED
26-Oct-2025 15:26:51.292 INFORMACIÓN [main] org.apache.catalina.startup.VersionLoggerListener.log Command line argument:             --add-opens=java.rmi/sun.rmi.transport=ALL-UNNAMED
26-Oct-2025 15:26:51.292 INFORMACIÓN [main] org.apache.catalina.startup.VersionLoggerListener.log Command line argument:             -Dcatalina.base=/home/xhua/.apache-tomcat-10.1.48
26-Oct-2025 15:26:51.292 INFORMACIÓN [main] org.apache.catalina.startup.VersionLoggerListener.log Command line argument:             -Dcatalina.home=/home/xhua/.apache-tomcat-10.1.48
26-Oct-2025 15:26:51.292 INFORMACIÓN [main] org.apache.catalina.startup.VersionLoggerListener.log Command line argument:             -Djava.io.tmpdir=/home/xhua/.apache-tomcat-10.1.48/temp
26-Oct-2025 15:26:51.294 INFORMACIÓN [main] org.apache.catalina.core.AprLifecycleListener.lifecycleEvent La biblioteca nativa de Apache Tomcat basada en ARP que permite un rendimiento óptimo en entornos de desarrollo no ha sido hallada en java.library.path: [/usr/java/packages/lib:/usr/lib64:/lib64:/lib:/usr/lib]
26-Oct-2025 15:26:51.673 INFORMACIÓN [main] org.apache.coyote.AbstractProtocol.init Inicializando el manejador de protocolo ["http-nio-8080"]

26-Oct-2025 15:26:51.710 INFORMACIÓN [main] org.apache.catalina.startup.Catalina.load Server initialization in [676] milliseconds
26-Oct-2025 15:26:51.832 INFORMACIÓN [main] org.apache.catalina.core.StandardService.startInternal Arrancando servicio [Catalina]
26-Oct-2025 15:26:51.832 INFORMACIÓN [main] org.apache.catalina.core.StandardEngine.startInternal Starting Servlet engine: [Apache Tomcat/10.1.48]
26-Oct-2025 15:26:51.848 INFORMACIÓN [main] org.apache.catalina.startup.HostConfig.deployDirectory Desplegando el directorio [/home/xhua/.apache-tomcat-10.1.48/webapps/ROOT] de la aplicación web
26-Oct-2025 15:26:52.227 INFORMACIÓN [main] org.apache.catalina.startup.HostConfig.deployDirectory Deployment of web application directory [/home/xhua/.apache-tomcat-10.1.48/webapps/ROOT] has finished in [375] ms
26-Oct-2025 15:26:52.227 INFORMACIÓN [main] org.apache.catalina.startup.HostConfig.deployDirectory Desplegando el directorio [/home/xhua/.apache-tomcat-10.1.48/webapps/docs] de la aplicación web
26-Oct-2025 15:26:52.263 INFORMACIÓN [main] org.apache.catalina.startup.HostConfig.deployDirectory Deployment of web application directory [/home/xhua/.apache-tomcat-10.1.48/webapps/docs] has finished in [36] ms
26-Oct-2025 15:26:52.263 INFORMACIÓN [main] org.apache.catalina.startup.HostConfig.deployDirectory Desplegando el directorio [/home/xhua/.apache-tomcat-10.1.48/webapps/examples] de la aplicación web
26-Oct-2025 15:26:52.595 INFORMACIÓN [main] org.apache.catalina.startup.HostConfig.deployDirectory Deployment of web application directory [/home/xhua/.apache-tomcat-10.1.48/webapps/examples] has finished in [331] ms
26-Oct-2025 15:26:52.595 INFORMACIÓN [main] org.apache.catalina.startup.HostConfig.deployDirectory Desplegando el directorio [/home/xhua/.apache-tomcat-10.1.48/webapps/host-manager] de la aplicación web
26-Oct-2025 15:26:52.635 INFORMACIÓN [main] org.apache.catalina.startup.HostConfig.deployDirectory Deployment of web application directory [/home/xhua/.apache-tomcat-10.1.48/webapps/host-manager] has finished in [39] ms
26-Oct-2025 15:26:52.635 INFORMACIÓN [main] org.apache.catalina.startup.HostConfig.deployDirectory Desplegando el directorio [/home/xhua/.apache-tomcat-10.1.48/webapps/manager] de la aplicación web
26-Oct-2025 15:26:52.668 INFORMACIÓN [main] org.apache.catalina.startup.HostConfig.deployDirectory Deployment of web application directory [/home/xhua/.apache-tomcat-10.1.48/webapps/manager] has finished in [33] ms
26-Oct-2025 15:26:52.676 INFORMACIÓN [main] org.apache.coyote.AbstractProtocol.start Starting ProtocolHandler ["http-nio-8080"]
26-Oct-2025 15:26:52.688 INFORMACIÓN [main] org.apache.catalina.startup.Catalina.start Server startup in [973] milliseconds
26-Oct-2025 15:27:42.488 ADVERTENCIA [main] org.apache.catalina.core.StandardServer.await Invalid shutdown command [] received
26-Oct-2025 15:28:17.073 ADVERTENCIA [main] org.apache.catalina.core.StandardServer.await Invalid shutdown command [] received
26-Oct-2025 15:29:39.353 ADVERTENCIA [main] org.apache.catalina.core.StandardServer.await Invalid shutdown command [] received
