23-Oct-2025 01:46:07.405 INFORMACIÓN [main] org.apache.catalina.startup.VersionLoggerListener.log Nombre de la versión del servidor: Apache Tomcat/10.1.48
23-Oct-2025 01:46:07.413 INFORMACIÓN [main] org.apache.catalina.startup.VersionLoggerListener.log Server built:                      Oct 10 2025 14:33:56 UTC
23-Oct-2025 01:46:07.413 INFORMACIÓN [main] org.apache.catalina.startup.VersionLoggerListener.log Número de versión de servidor:     10.1.48.0
23-Oct-2025 01:46:07.414 INFORMACIÓN [main] org.apache.catalina.startup.VersionLoggerListener.log OS Name:                           Linux
23-Oct-2025 01:46:07.414 INFORMACIÓN [main] org.apache.catalina.startup.VersionLoggerListener.log Versión de Systema Operativo:      6.16.10-200.fc42.x86_64
23-Oct-2025 01:46:07.414 INFORMACIÓN [main] org.apache.catalina.startup.VersionLoggerListener.log Arquitectura:                      amd64
23-Oct-2025 01:46:07.414 INFORMACIÓN [main] org.apache.catalina.startup.VersionLoggerListener.log Java Home:                         /usr/lib/jvm/java-21-openjdk
23-Oct-2025 01:46:07.414 INFORMACIÓN [main] org.apache.catalina.startup.VersionLoggerListener.log JVM Version:                       21.0.8+9
23-Oct-2025 01:46:07.415 INFORMACIÓN [main] org.apache.catalina.startup.VersionLoggerListener.log Vededor JVM:                       Red Hat, Inc.
23-Oct-2025 01:46:07.415 INFORMACIÓN [main] org.apache.catalina.startup.VersionLoggerListener.log CATALINA_BASE:                     /home/xhua/Descargas/apache-tomcat-10.1.48
23-Oct-2025 01:46:07.416 INFORMACIÓN [main] org.apache.catalina.startup.VersionLoggerListener.log CATALINA_HOME:                     /home/xhua/Descargas/apache-tomcat-10.1.48
23-Oct-2025 01:46:07.438 INFORMACIÓN [main] org.apache.catalina.startup.VersionLoggerListener.log Command line argument:             -Djava.util.logging.config.file=/home/xhua/Descargas/apache-tomcat-10.1.48/conf/logging.properties
23-Oct-2025 01:46:07.439 INFORMACIÓN [main] org.apache.catalina.startup.VersionLoggerListener.log Command line argument:             -Djava.util.logging.manager=org.apache.juli.ClassLoaderLogManager
23-Oct-2025 01:46:07.439 INFORMACIÓN [main] org.apache.catalina.startup.VersionLoggerListener.log Command line argument:             -Djdk.tls.ephemeralDHKeySize=2048
23-Oct-2025 01:46:07.439 INFORMACIÓN [main] org.apache.catalina.startup.VersionLoggerListener.log Command line argument:             -Djava.protocol.handler.pkgs=org.apache.catalina.webresources
23-Oct-2025 01:46:07.439 INFORMACIÓN [main] org.apache.catalina.startup.VersionLoggerListener.log Command line argument:             -Dsun.io.useCanonCaches=false
23-Oct-2025 01:46:07.439 INFORMACIÓN [main] org.apache.catalina.startup.VersionLoggerListener.log Command line argument:             -Dorg.apache.catalina.security.SecurityListener.UMASK=0027
23-Oct-2025 01:46:07.440 INFORMACIÓN [main] org.apache.catalina.startup.VersionLoggerListener.log Command line argument:             --add-opens=java.base/java.lang=ALL-UNNAMED
23-Oct-2025 01:46:07.440 INFORMACIÓN [main] org.apache.catalina.startup.VersionLoggerListener.log Command line argument:             --add-opens=java.base/java.lang.reflect=ALL-UNNAMED
23-Oct-2025 01:46:07.440 INFORMACIÓN [main] org.apache.catalina.startup.VersionLoggerListener.log Command line argument:             --add-opens=java.base/java.io=ALL-UNNAMED
23-Oct-2025 01:46:07.440 INFORMACIÓN [main] org.apache.catalina.startup.VersionLoggerListener.log Command line argument:             --add-opens=java.base/java.util=ALL-UNNAMED
23-Oct-2025 01:46:07.440 INFORMACIÓN [main] org.apache.catalina.startup.VersionLoggerListener.log Command line argument:             --add-opens=java.base/java.util.concurrent=ALL-UNNAMED
23-Oct-2025 01:46:07.441 INFORMACIÓN [main] org.apache.catalina.startup.VersionLoggerListener.log Command line argument:             --add-opens=java.rmi/sun.rmi.transport=ALL-UNNAMED
23-Oct-2025 01:46:07.441 INFORMACIÓN [main] org.apache.catalina.startup.VersionLoggerListener.log Command line argument:             -Dcatalina.base=/home/xhua/Descargas/apache-tomcat-10.1.48
23-Oct-2025 01:46:07.441 INFORMACIÓN [main] org.apache.catalina.startup.VersionLoggerListener.log Command line argument:             -Dcatalina.home=/home/xhua/Descargas/apache-tomcat-10.1.48
23-Oct-2025 01:46:07.441 INFORMACIÓN [main] org.apache.catalina.startup.VersionLoggerListener.log Command line argument:             -Djava.io.tmpdir=/home/xhua/Descargas/apache-tomcat-10.1.48/temp
23-Oct-2025 01:46:07.444 INFORMACIÓN [main] org.apache.catalina.core.AprLifecycleListener.lifecycleEvent La biblioteca nativa de Apache Tomcat basada en ARP que permite un rendimiento óptimo en entornos de desarrollo no ha sido hallada en java.library.path: [/usr/java/packages/lib:/usr/lib64:/lib64:/lib:/usr/lib]
23-Oct-2025 01:46:07.889 INFORMACIÓN [main] org.apache.coyote.AbstractProtocol.init Inicializando el manejador de protocolo ["http-nio-8080"]

23-Oct-2025 01:46:07.931 INFORMACIÓN [main] org.apache.catalina.startup.Catalina.load Server initialization in [898] milliseconds
23-Oct-2025 01:46:07.988 INFORMACIÓN [main] org.apache.catalina.core.StandardService.startInternal Arrancando servicio [Catalina]
23-Oct-2025 01:46:07.988 INFORMACIÓN [main] org.apache.catalina.core.StandardEngine.startInternal Starting Servlet engine: [Apache Tomcat/10.1.48]
23-Oct-2025 01:46:07.998 INFORMACIÓN [main] org.apache.catalina.startup.HostConfig.deployDirectory Desplegando el directorio [/home/xhua/Descargas/apache-tomcat-10.1.48/webapps/ROOT] de la aplicación web
23-Oct-2025 01:46:08.339 INFORMACIÓN [main] org.apache.catalina.startup.HostConfig.deployDirectory Deployment of web application directory [/home/xhua/Descargas/apache-tomcat-10.1.48/webapps/ROOT] has finished in [338] ms
23-Oct-2025 01:46:08.340 INFORMACIÓN [main] org.apache.catalina.startup.HostConfig.deployDirectory Desplegando el directorio [/home/xhua/Descargas/apache-tomcat-10.1.48/webapps/docs] de la aplicación web
23-Oct-2025 01:46:08.367 INFORMACIÓN [main] org.apache.catalina.startup.HostConfig.deployDirectory Deployment of web application directory [/home/xhua/Descargas/apache-tomcat-10.1.48/webapps/docs] has finished in [26] ms
23-Oct-2025 01:46:08.367 INFORMACIÓN [main] org.apache.catalina.startup.HostConfig.deployDirectory Desplegando el directorio [/home/xhua/Descargas/apache-tomcat-10.1.48/webapps/examples] de la aplicación web
23-Oct-2025 01:46:08.642 INFORMACIÓN [main] org.apache.catalina.startup.HostConfig.deployDirectory Deployment of web application directory [/home/xhua/Descargas/apache-tomcat-10.1.48/webapps/examples] has finished in [274] ms
23-Oct-2025 01:46:08.642 INFORMACIÓN [main] org.apache.catalina.startup.HostConfig.deployDirectory Desplegando el directorio [/home/xhua/Descargas/apache-tomcat-10.1.48/webapps/host-manager] de la aplicación web
23-Oct-2025 01:46:08.667 INFORMACIÓN [main] org.apache.catalina.startup.HostConfig.deployDirectory Deployment of web application directory [/home/xhua/Descargas/apache-tomcat-10.1.48/webapps/host-manager] has finished in [24] ms
23-Oct-2025 01:46:08.667 INFORMACIÓN [main] org.apache.catalina.startup.HostConfig.deployDirectory Desplegando el directorio [/home/xhua/Descargas/apache-tomcat-10.1.48/webapps/manager] de la aplicación web
23-Oct-2025 01:46:08.689 INFORMACIÓN [main] org.apache.catalina.startup.HostConfig.deployDirectory Deployment of web application directory [/home/xhua/Descargas/apache-tomcat-10.1.48/webapps/manager] has finished in [22] ms
23-Oct-2025 01:46:08.696 INFORMACIÓN [main] org.apache.coyote.AbstractProtocol.start Starting ProtocolHandler ["http-nio-8080"]
23-Oct-2025 01:46:08.708 INFORMACIÓN [main] org.apache.catalina.startup.Catalina.start Server startup in [775] milliseconds
23-Oct-2025 01:54:45.011 INFORMACIÓN [main] org.apache.catalina.core.StandardServer.await Se ha recibido un comando de apagado a través del puerto de apagado. Parando la instancia del Servidor.
23-Oct-2025 01:54:45.012 INFORMACIÓN [main] org.apache.coyote.AbstractProtocol.pause Pausing ProtocolHandler ["http-nio-8080"]
23-Oct-2025 01:54:45.018 INFORMACIÓN [main] org.apache.catalina.core.StandardService.stopInternal Parando servicio [Catalina]
23-Oct-2025 01:54:45.053 INFORMACIÓN [main] org.apache.coyote.AbstractProtocol.stop Stopping ProtocolHandler ["http-nio-8080"]
23-Oct-2025 01:54:45.064 INFORMACIÓN [main] org.apache.coyote.AbstractProtocol.destroy Destroying ProtocolHandler ["http-nio-8080"]
